0 info it worked if it ends with ok
1 verbose cli [ 'C:\\Program Files\\nodejs\\node.exe',
1 verbose cli   'C:\\Program Files\\nodejs\\node_modules\\npm\\bin\\npm-cli.js',
1 verbose cli   'install',
1 verbose cli   'oracledb',
1 verbose cli   '-g',
1 verbose cli   '/m' ]
2 info using npm@2.15.0
3 info using node@v4.4.2
4 verbose install initial load of C:\Program Files\nodejs\package.json
5 verbose readDependencies loading dependencies from C:\Program Files\nodejs\package.json
6 silly cache add args [ 'oracledb', null ]
7 verbose cache add spec oracledb
8 silly cache add args [ '/m', null ]
9 verbose cache add spec /m
10 silly cache add parsed spec Result {
10 silly cache add   raw: 'oracledb',
10 silly cache add   scope: null,
10 silly cache add   name: 'oracledb',
10 silly cache add   rawSpec: '',
10 silly cache add   spec: 'latest',
10 silly cache add   type: 'tag' }
11 silly addNamed oracledb@latest
12 verbose addNamed "latest" is being treated as a dist-tag for oracledb
13 info addNameTag [ 'oracledb', 'latest' ]
14 silly mapToRegistry name oracledb
15 silly mapToRegistry using default registry
16 silly mapToRegistry registry https://registry.npmjs.org/
17 silly mapToRegistry data Result {
17 silly mapToRegistry   raw: 'oracledb',
17 silly mapToRegistry   scope: null,
17 silly mapToRegistry   name: 'oracledb',
17 silly mapToRegistry   rawSpec: '',
17 silly mapToRegistry   spec: 'latest',
17 silly mapToRegistry   type: 'tag' }
18 silly mapToRegistry uri https://registry.npmjs.org/oracledb
19 verbose addNameTag registry:https://registry.npmjs.org/oracledb not in flight; fetching
20 silly cache add parsed spec Result {
20 silly cache add   raw: '/m',
20 silly cache add   scope: null,
20 silly cache add   name: null,
20 silly cache add   rawSpec: '/m',
20 silly cache add   spec: 'd:\\m',
20 silly cache add   type: 'local' }
21 error addLocal Could not install d:\m
22 verbose request uri https://registry.npmjs.org/oracledb
23 verbose request no auth needed
24 info attempt registry request try #1 at 18:54:07
25 verbose request id 7d6bf6326fbd3a5c
26 verbose etag "CA6KSD318274SGZK24U2DMAX4"
27 http request GET https://registry.npmjs.org/oracledb
28 http 304 https://registry.npmjs.org/oracledb
29 verbose headers { date: 'Tue, 12 Apr 2016 10:52:48 GMT',
29 verbose headers   via: '1.1 varnish',
29 verbose headers   'cache-control': 'max-age=300',
29 verbose headers   etag: '"CA6KSD318274SGZK24U2DMAX4"',
29 verbose headers   age: '45',
29 verbose headers   connection: 'keep-alive',
29 verbose headers   'x-served-by': 'cache-sjc3623-SJC',
29 verbose headers   'x-cache': 'HIT',
29 verbose headers   'x-cache-hits': '1',
29 verbose headers   'x-timer': 'S1460458368.877651,VS0,VE0',
29 verbose headers   vary: 'Accept-Encoding' }
30 silly get cb [ 304,
30 silly get   { date: 'Tue, 12 Apr 2016 10:52:48 GMT',
30 silly get     via: '1.1 varnish',
30 silly get     'cache-control': 'max-age=300',
30 silly get     etag: '"CA6KSD318274SGZK24U2DMAX4"',
30 silly get     age: '45',
30 silly get     connection: 'keep-alive',
30 silly get     'x-served-by': 'cache-sjc3623-SJC',
30 silly get     'x-cache': 'HIT',
30 silly get     'x-cache-hits': '1',
30 silly get     'x-timer': 'S1460458368.877651,VS0,VE0',
30 silly get     vary: 'Accept-Encoding' } ]
31 verbose etag https://registry.npmjs.org/oracledb from cache
32 verbose get saving oracledb to C:\Program Files\nodejs\node_cache\registry.npmjs.org\oracledb\.cache.json
33 verbose correctMkdir C:\Program Files\nodejs\node_cache correctMkdir not in flight; initializing
34 silly addNameTag next cb for oracledb with tag latest
35 silly addNamed oracledb@1.8.0
36 verbose addNamed "1.8.0" is a plain semver version for oracledb
37 silly cache afterAdd oracledb@1.8.0
38 verbose afterAdd C:\Program Files\nodejs\node_cache\oracledb\1.8.0\package\package.json not in flight; writing
39 verbose correctMkdir C:\Program Files\nodejs\node_cache correctMkdir not in flight; initializing
40 verbose afterAdd C:\Program Files\nodejs\node_cache\oracledb\1.8.0\package\package.json written
41 verbose stack Error: ENOENT: no such file or directory, open 'd:\m'
41 verbose stack     at Error (native)
42 verbose cwd d:\Libraries\Documents\Visual Studio Code\nodepractise\03.Oracle
43 error Windows_NT 10.0.14295
44 error argv "C:\\Program Files\\nodejs\\node.exe" "C:\\Program Files\\nodejs\\node_modules\\npm\\bin\\npm-cli.js" "install" "oracledb" "-g" "/m"
45 error node v4.4.2
46 error npm  v2.15.0
47 error path d:\m
48 error code ENOENT
49 error errno -4058
50 error syscall open
51 error enoent ENOENT: no such file or directory, open 'd:\m'
51 error enoent This is most likely not a problem with npm itself
51 error enoent and is related to npm not being able to find a file.
52 verbose exit [ -4058, true ]
